<?xml version="1.0" encoding="UTF-8"?>
<testsuite name="Cucumber" time="13.261" tests="1" skipped="0" failures="0" errors="0">
<testcase classname="Telecom Project Smoke Test" name="Verify that user is able to add customer details and pay bill" time="12.871">
<system-out><![CDATA[
Given I access the url and open the browser.................................passed
When I verify that the title of the page matches............................passed
Then I click on Add Customer Link...........................................passed
And I should see the customer portal page...................................passed
And I should be able to fill up customer details............................passed
And I should see the customer details.......................................passed
And I close the browser.....................................................passed
]]></system-out>
</testcase>
</testsuite>
