<?xml version="1.0" encoding="UTF-8"?>
<testng-results skipped="0" failed="0" ignored="0" total="1" passed="1">
  <reporter-output>
  </reporter-output>
  <suite name="Suite" duration-ms="22656" started-at="2023-09-19T23:19:43 IST" finished-at="2023-09-19T23:20:05 IST">
    <groups>
      <group name="cucumber">
        <method signature="AbstractTestNGCucumberTests.runScenario(io.cucumber.testng.PickleWrapper,io.cucumber.testng.FeatureWrapper)[pri:0, instance:testRunner.TestRunner@6043cd28]" name="runScenario" class="io.cucumber.testng.AbstractTestNGCucumberTests"/>
      </group> <!-- cucumber -->
    </groups>
    <test name="Test" duration-ms="22656" started-at="2023-09-19T23:19:43 IST" finished-at="2023-09-19T23:20:05 IST">
      <class name="testRunner.TestRunner">
        <test-method status="PASS" signature="setUpClass(org.testng.ITestContext)[pri:0, instance:testRunner.TestRunner@6043cd28]" name="setUpClass" is-config="true" duration-ms="911" started-at="2023-09-19T23:19:43 IST" finished-at="2023-09-19T23:19:43 IST">
          <params>
            <param index="0">
              <value>
                <![CDATA[org.testng.TestRunner@a33b4e3]]>
              </value>
            </param>
          </params>
          <reporter-output>
          </reporter-output>
        </test-method> <!-- setUpClass -->
        <test-method status="PASS" signature="runScenario(io.cucumber.testng.PickleWrapper,io.cucumber.testng.FeatureWrapper)[pri:0, instance:testRunner.TestRunner@6043cd28]" name="runScenario" duration-ms="18961" started-at="2023-09-19T23:19:43 IST" description="Runs Cucumber Scenarios" data-provider="scenarios" finished-at="2023-09-19T23:20:02 IST">
          <params>
            <param index="0">
              <value>
                <![CDATA["Verify that user is able to add customer details and pay bill"]]>
              </value>
            </param>
            <param index="1">
              <value>
                <![CDATA["Telecom Project Smoke Test"]]>
              </value>
            </param>
          </params>
          <reporter-output>
          </reporter-output>
        </test-method> <!-- runScenario -->
        <test-method status="PASS" signature="tearDownClass()[pri:0, instance:testRunner.TestRunner@6043cd28]" name="tearDownClass" is-config="true" duration-ms="2709" started-at="2023-09-19T23:20:02 IST" finished-at="2023-09-19T23:20:05 IST">
          <reporter-output>
          </reporter-output>
        </test-method> <!-- tearDownClass -->
      </class> <!-- testRunner.TestRunner -->
    </test> <!-- Test -->
  </suite> <!-- Suite -->
</testng-results>
